<?xml version="1.0" encoding="UTF-8"?>

<testsuite errors="0" failures="0" hostname="" id="0" name="Jest" package=".Users.gianmarcobrunialtimasera.Liferay.com-liferay-commerce-private.commerce.commerce-organization-web" skipped="0" tests="26" time="0" timestamp="1561727084793">
	<testcase classname=".Users.gianmarcobrunialtimasera.Liferay.com-liferay-commerce-private.commerce.commerce-organization-web.test.js.components" name="MembersList renders the members list if there are members" time="0.015">
	</testcase>
	<testcase classname=".Users.gianmarcobrunialtimasera.Liferay.com-liferay-commerce-private.commerce.commerce-organization-web.test.js.components" name="MembersList renders NoMembers component if there are no members" time="0.003">
	</testcase>
	<testcase classname=".Users.gianmarcobrunialtimasera.Liferay.com-liferay-commerce-private.commerce.commerce-organization-web.test.js.components" name="PaneHeader renders the pane header with the PaneOrgInfo, PaneViewSelector and PaneSearchBar components" time="0.015">
	</testcase>
	<testcase classname=".Users.gianmarcobrunialtimasera.Liferay.com-liferay-commerce-private.commerce.commerce-organization-web.test.js.components" name="PaneViewSelector renders correctly with list-by USERS selected by default" time="0.047">
	</testcase>
	<testcase classname=".Users.gianmarcobrunialtimasera.Liferay.com-liferay-commerce-private.commerce.commerce-organization-web.test.js.components" name="PaneViewSelector lists members by account if the related tab is selected" time="0.004">
	</testcase>
	<testcase classname=".Users.gianmarcobrunialtimasera.Liferay.com-liferay-commerce-private.commerce.commerce-organization-web.test.js.components" name="MembersPane Instantiation has the correct initial state on render" time="0.013">
	</testcase>
	<testcase classname=".Users.gianmarcobrunialtimasera.Liferay.com-liferay-commerce-private.commerce.commerce-organization-web.test.js.components" name="MembersPane Instantiation renders all the child components correctly" time="0.009">
	</testcase>
	<testcase classname=".Users.gianmarcobrunialtimasera.Liferay.com-liferay-commerce-private.commerce.commerce-organization-web.test.js.components" name="MembersPane Instantiation calls the API on componentDidMount to fetch the list of members" time="0.004">
	</testcase>
	<testcase classname=".Users.gianmarcobrunialtimasera.Liferay.com-liferay-commerce-private.commerce.commerce-organization-web.test.js.components" name="MembersPane handleListBy sets the state with the correct list by mode" time="0.003">
	</testcase>
	<testcase classname=".Users.gianmarcobrunialtimasera.Liferay.com-liferay-commerce-private.commerce.commerce-organization-web.test.js.components" name="MembersPane componentDidUpdate calls the API IFF the organization Id prop has changed" time="0.001">
	</testcase>
	<testcase classname=".Users.gianmarcobrunialtimasera.Liferay.com-liferay-commerce-private.commerce.commerce-organization-web.test.js.components" name="MembersPane componentDidUpdate calls the API IFF the listBy state has changed" time="0.002">
	</testcase>
	<testcase classname=".Users.gianmarcobrunialtimasera.Liferay.com-liferay-commerce-private.commerce.commerce-organization-web.test.js.utils" name="Utility functions :: isArray returns &apos;true&apos; if input value is an array" time="0.004">
	</testcase>
	<testcase classname=".Users.gianmarcobrunialtimasera.Liferay.com-liferay-commerce-private.commerce.commerce-organization-web.test.js.utils" name="Utility functions :: isArray returns &apos;false&apos; if input value is not an array" time="0.001">
	</testcase>
	<testcase classname=".Users.gianmarcobrunialtimasera.Liferay.com-liferay-commerce-private.commerce.commerce-organization-web.test.js.utils" name="Utility functions :: isNumber returns &apos;true&apos; if input value is a number" time="0">
	</testcase>
	<testcase classname=".Users.gianmarcobrunialtimasera.Liferay.com-liferay-commerce-private.commerce.commerce-organization-web.test.js.utils" name="Utility functions :: isNumber returns &apos;false&apos; if input value is not a number" time="0">
	</testcase>
	<testcase classname=".Users.gianmarcobrunialtimasera.Liferay.com-liferay-commerce-private.commerce.commerce-organization-web.test.js.utils" name="Utility functions :: getColorHue returns a random HSL hue value" time="0.073">
	</testcase>
	<testcase classname=".Users.gianmarcobrunialtimasera.Liferay.com-liferay-commerce-private.commerce.commerce-organization-web.test.js.utils" name="Utility functions :: getColorHue returns an appropriate different random HSL hue value if similar to the previous one" time="0.001">
	</testcase>
	<testcase classname=".Users.gianmarcobrunialtimasera.Liferay.com-liferay-commerce-private.commerce.commerce-organization-web.test.js.utils" name="Utility functions :: setupDataset returns the correct sanitized dataset of an organization" time="0.001">
	</testcase>
	<testcase classname=".Users.gianmarcobrunialtimasera.Liferay.com-liferay-commerce-private.commerce.commerce-organization-web.test.js.utils" name="Utility functions :: endpointBuilder throws an error if no parameters are provided at all" time="0.006">
	</testcase>
	<testcase classname=".Users.gianmarcobrunialtimasera.Liferay.com-liferay-commerce-private.commerce.commerce-organization-web.test.js.utils" name="Utility functions :: endpointBuilder returns the correct API endpoint based on the input parameters all parameters are provided" time="0">
	</testcase>
	<testcase classname=".Users.gianmarcobrunialtimasera.Liferay.com-liferay-commerce-private.commerce.commerce-organization-web.test.js.utils" name="Utility functions :: endpointBuilder returns the correct API endpoint based on the input parameters no parameters but baseURL are provided (defaults)" time="0">
	</testcase>
	<testcase classname=".Users.gianmarcobrunialtimasera.Liferay.com-liferay-commerce-private.commerce.commerce-organization-web.test.js.components" name="OrgChartContainer Instantiation calls the API and stores the correct initial payload in the state" time="0.009">
	</testcase>
	<testcase classname=".Users.gianmarcobrunialtimasera.Liferay.com-liferay-commerce-private.commerce.commerce-organization-web.test.js.components" name="OrgChartContainer Instantiation renders correctly without MembersPane" time="0.007">
	</testcase>
	<testcase classname=".Users.gianmarcobrunialtimasera.Liferay.com-liferay-commerce-private.commerce.commerce-organization-web.test.js.components" name="OrgChartContainer setSelection changes the state to the selected organization ID and its color identifier" time="0.001">
	</testcase>
	<testcase classname=".Users.gianmarcobrunialtimasera.Liferay.com-liferay-commerce-private.commerce.commerce-organization-web.test.js.components" name="OrgChartContainer setSelection renders also the MembersPane if selectedId &gt; 0" time="0.003">
	</testcase>
	<testcase classname=".Users.gianmarcobrunialtimasera.Liferay.com-liferay-commerce-private.commerce.commerce-organization-web.test.js.components" name="OrgChartContainer handleNodeClick calls the API with a specified organization ID if an OrgChart node is selected" time="0.002">
	</testcase>
</testsuite>